C:\Program Files\MATLAB\R2012b\toolbox\nnet\nnguis\nntraintool.m 
  called by C:\Program Files\MATLAB\R2012b\toolbox\nnet\nnutils\+nntype\plot_fcn.m 
(because of toolbox compilability rules) 
C:\Program Files\MATLAB\R2012b\toolbox\nnet\nnet\@network\view.m 
  called by C:\Users\ankushs\Google Drive\Research\Fall 2018\FSP_2.0\FSP2.0beta_MatlabFiles\@surfaceviz\setupplotpanels.m 
(because of toolbox compilability rules) 
C:\Program Files\MATLAB\R2012b\toolbox\nnet\nnet\@network\view.m 
  called by C:\Users\ankushs\Google Drive\Research\Fall 2018\FSP_2.0\FSP2.0beta_MatlabFiles\support code\polarModified.m 
(because of toolbox compilability rules) 
C:\Program Files\MATLAB\R2012b\toolbox\nnet\nnet\@network\view.m 
  called by C:\Users\ankushs\Google Drive\Research\Fall 2018\FSP_2.0\FSP2.0beta_MatlabFiles\test code\plotfront.m 
(because of toolbox compilability rules) 
C:\Program Files\MATLAB\R2012b\toolbox\nnet\nnet\@network\view.m 
  called by C:\Program Files\MATLAB\R2012b\toolbox\matlab\graph2d\polar.m 
(C:\Program Files\MATLAB\R2012b\toolbox\compiler\depfun.opts, line 7: 
exclude if $caller in [$toolbox/matlab, $toolbox/daq] and ...
           $file in $toolbox and ...
           $file not in [$toolbox/matlab, $toolbox/shared, $toolbox/compiler] ...
           and not ($file in $toolbox/distcomp and $caller in $toolbox/matlab)) 
C:\Program Files\MATLAB\R2012b\toolbox\nnet\nnet\@network\view.m 
  called by C:\Program Files\MATLAB\R2012b\toolbox\matlab\graph3d\surf.m 
(C:\Program Files\MATLAB\R2012b\toolbox\compiler\depfun.opts, line 7: 
exclude if $caller in [$toolbox/matlab, $toolbox/daq] and ...
           $file in $toolbox and ...
           $file not in [$toolbox/matlab, $toolbox/shared, $toolbox/compiler] ...
           and not ($file in $toolbox/distcomp and $caller in $toolbox/matlab)) 
C:\Program Files\MATLAB\R2012b\toolbox\nnet\nnet\@network\view.m 
  called by C:\Program Files\MATLAB\R2012b\toolbox\matlab\specgraph\private\barhHGUsingMATLABClasses.p 
(C:\Program Files\MATLAB\R2012b\toolbox\compiler\depfun.opts, line 7: 
exclude if $caller in [$toolbox/matlab, $toolbox/daq] and ...
           $file in $toolbox and ...
           $file not in [$toolbox/matlab, $toolbox/shared, $toolbox/compiler] ...
           and not ($file in $toolbox/distcomp and $caller in $toolbox/matlab)) 
C:\Program Files\MATLAB\R2012b\toolbox\nnet\nnet\@network\view.m 
  called by C:\Program Files\MATLAB\R2012b\toolbox\matlab\specgraph\private\barhV6.m 
(C:\Program Files\MATLAB\R2012b\toolbox\compiler\depfun.opts, line 7: 
exclude if $caller in [$toolbox/matlab, $toolbox/daq] and ...
           $file in $toolbox and ...
           $file not in [$toolbox/matlab, $toolbox/shared, $toolbox/compiler] ...
           and not ($file in $toolbox/distcomp and $caller in $toolbox/matlab)) 
C:\Program Files\MATLAB\R2012b\toolbox\nnet\nnet\@network\view.m 
  called by C:\Program Files\MATLAB\R2012b\toolbox\matlab\scribe\private\colorbarv6.m 
(C:\Program Files\MATLAB\R2012b\toolbox\compiler\depfun.opts, line 7: 
exclude if $caller in [$toolbox/matlab, $toolbox/daq] and ...
           $file in $toolbox and ...
           $file not in [$toolbox/matlab, $toolbox/shared, $toolbox/compiler] ...
           and not ($file in $toolbox/distcomp and $caller in $toolbox/matlab)) 
C:\Program Files\MATLAB\R2012b\toolbox\nnet\nnet\@network\view.m 
  called by C:\Program Files\MATLAB\R2012b\toolbox\matlab\graph3d\private\surfHGUsingMATLABClasses.p 
(C:\Program Files\MATLAB\R2012b\toolbox\compiler\depfun.opts, line 7: 
exclude if $caller in [$toolbox/matlab, $toolbox/daq] and ...
           $file in $toolbox and ...
           $file not in [$toolbox/matlab, $toolbox/shared, $toolbox/compiler] ...
           and not ($file in $toolbox/distcomp and $caller in $toolbox/matlab)) 
C:\Program Files\MATLAB\R2012b\toolbox\nnet\nnet\@network\view.m 
  called by C:\Program Files\MATLAB\R2012b\toolbox\matlab\graphics\resetplotview.m 
(C:\Program Files\MATLAB\R2012b\toolbox\compiler\depfun.opts, line 7: 
exclude if $caller in [$toolbox/matlab, $toolbox/daq] and ...
           $file in $toolbox and ...
           $file not in [$toolbox/matlab, $toolbox/shared, $toolbox/compiler] ...
           and not ($file in $toolbox/distcomp and $caller in $toolbox/matlab)) 
C:\Program Files\MATLAB\R2012b\toolbox\nnet\nnet\@network\view.m 
  called by C:\Program Files\MATLAB\R2012b\toolbox\matlab\graph2d\private\v6_zoom.m 
(C:\Program Files\MATLAB\R2012b\toolbox\compiler\depfun.opts, line 7: 
exclude if $caller in [$toolbox/matlab, $toolbox/daq] and ...
           $file in $toolbox and ...
           $file not in [$toolbox/matlab, $toolbox/shared, $toolbox/compiler] ...
           and not ($file in $toolbox/distcomp and $caller in $toolbox/matlab)) 
C:\Program Files\MATLAB\R2012b\toolbox\nnet\nnet\@network\view.m 
  called by C:\Program Files\MATLAB\R2012b\toolbox\matlab\specgraph\private\barHGUsingMATLABClasses.p 
(C:\Program Files\MATLAB\R2012b\toolbox\compiler\depfun.opts, line 7: 
exclude if $caller in [$toolbox/matlab, $toolbox/daq] and ...
           $file in $toolbox and ...
           $file not in [$toolbox/matlab, $toolbox/shared, $toolbox/compiler] ...
           and not ($file in $toolbox/distcomp and $caller in $toolbox/matlab)) 
C:\Program Files\MATLAB\R2012b\toolbox\nnet\nnet\@network\view.m 
  called by C:\Program Files\MATLAB\R2012b\toolbox\matlab\specgraph\private\barV6.m 
(C:\Program Files\MATLAB\R2012b\toolbox\compiler\depfun.opts, line 7: 
exclude if $caller in [$toolbox/matlab, $toolbox/daq] and ...
           $file in $toolbox and ...
           $file not in [$toolbox/matlab, $toolbox/shared, $toolbox/compiler] ...
           and not ($file in $toolbox/distcomp and $caller in $toolbox/matlab)) 
C:\Program Files\MATLAB\R2012b\toolbox\nnet\nnet\@network\view.m 
  called by C:\Program Files\MATLAB\R2012b\toolbox\nnet\nnet\nnnetwork\linearlayer.m 
(because of toolbox compilability rules) 
C:\Program Files\MATLAB\R2012b\toolbox\nnet\nnet\@network\init.m 
  called by C:\Program Files\MATLAB\R2012b\toolbox\matlab\scribe\colorbar.m 
(C:\Program Files\MATLAB\R2012b\toolbox\compiler\depfun.opts, line 7: 
exclude if $caller in [$toolbox/matlab, $toolbox/daq] and ...
           $file in $toolbox and ...
           $file not in [$toolbox/matlab, $toolbox/shared, $toolbox/compiler] ...
           and not ($file in $toolbox/distcomp and $caller in $toolbox/matlab)) 
C:\Program Files\MATLAB\R2012b\toolbox\nnet\nnet\@network\init.m 
  called by C:\Program Files\MATLAB\R2012b\toolbox\matlab\scribe\legend.m 
(C:\Program Files\MATLAB\R2012b\toolbox\compiler\depfun.opts, line 7: 
exclude if $caller in [$toolbox/matlab, $toolbox/daq] and ...
           $file in $toolbox and ...
           $file not in [$toolbox/matlab, $toolbox/shared, $toolbox/compiler] ...
           and not ($file in $toolbox/distcomp and $caller in $toolbox/matlab)) 
C:\Program Files\MATLAB\R2012b\toolbox\nnet\nnet\@network\init.m 
  called by C:\Program Files\MATLAB\R2012b\toolbox\nnet\nnet\nnnetwork\linearlayer.m 
(because of toolbox compilability rules) 
C:\Program Files\MATLAB\R2012b\toolbox\nnet\nnet\@network\init.m 
  called by C:\Program Files\MATLAB\R2012b\toolbox\nnet\nnet\nnnetwork\feedforwardnet.m 
(because of toolbox compilability rules) 
C:\Program Files\MATLAB\R2012b\toolbox\nnet\nnet\@network\init.m 
  called by C:\Program Files\MATLAB\R2012b\toolbox\nnet\nnet\nnnetwork\narxnet.m 
(because of toolbox compilability rules) 
C:\Program Files\MATLAB\R2012b\toolbox\nnet\nnet\@network\adapt.m 
  called by C:\Program Files\MATLAB\R2012b\toolbox\nnet\nnutils\+nntype\adaptive_fcn.m 
(because of toolbox compilability rules) 
C:\Program Files\MATLAB\R2012b\toolbox\nnet\nnet\@network\adapt.m 
  called by C:\Program Files\MATLAB\R2012b\toolbox\nnet\nnet\nnnetwork\linearlayer.m 
(because of toolbox compilability rules) 
C:\Program Files\MATLAB\R2012b\toolbox\nnet\nnet\@network\gensim.m 
  called by C:\Program Files\MATLAB\R2012b\toolbox\nnet\nnet\nnnetwork\linearlayer.m 
(because of toolbox compilability rules) 
C:\Program Files\MATLAB\R2012b\toolbox\nnet\nnet\@network\train.m 
  called by C:\Program Files\MATLAB\R2012b\toolbox\nnet\nnet\nnnetwork\linearlayer.m 
(because of toolbox compilability rules) 
C:\Program Files\MATLAB\R2012b\toolbox\nnet\nnet\nntrain\trainscg.m 
  called by C:\Program Files\MATLAB\R2012b\toolbox\nnet\nnutils\+nncalc\setup1.m 
(because of toolbox compilability rules) 
